<?xml version="1.0" encoding="UTF-8"?>
<!-- Generated by org.testng.reporters.JUnitReportReporter -->
<testsuite hostname="DESKTOP-N236C5Q" failures="0" tests="5" name="FeedbackTest" time="1.419" errors="0" timestamp="2022-02-26T13:17:49 SGT" skipped="0">
  <testcase classname="FeedbackTest" name="checkWeb" time="0.187"/>
  <testcase classname="FeedbackTest" name="checkCreateFeed" time="0.404"/>
  <testcase classname="FeedbackTest" name="checkDashboard" time="0.132"/>
  <testcase classname="FeedbackTest" name="checkEditFeed" time="0.552"/>
  <testcase classname="FeedbackTest" name="checkDeleteFeed" time="0.144"/>
</testsuite> <!-- FeedbackTest -->
