<?xml version="1.0" encoding="UTF-8"?>
<!-- Generated by org.testng.reporters.JUnitXMLReporter -->
<testsuite ignored="0" hostname="yirous" failures="0" tests="10" name="Default test" time="8.457" errors="0" timestamp="2022-02-23T02:23:45 SGT">
  <testcase classname="com.sddevops.devopscrowdd.userTest" name="checkWeb" time="1.603"/>
  <testcase classname="com.sddevops.devopscrowdd.userTest" name="checkReg" time="1.384"/>
  <testcase classname="com.sddevops.devopscrowdd.userTest" name="checkLogin" time="1.53"/>
  <testcase classname="com.sddevops.devopscrowdd.userTest" name="checkEditProfile" time="1.192"/>
  <testcase classname="com.sddevops.devopscrowdd.userTest" name="checkLogout" time="0.129"/>
  <testcase classname="com.sddevops.devopscrowdd.userTest" name="checkNewLogin" time="0.172"/>
  <testcase classname="com.sddevops.devopscrowdd.userTest" name="checkDeleteAcc" time="0.174"/>
  <testcase classname="com.sddevops.devopscrowdd.userTest" name="checkLoginAdmin" time="0.372"/>
  <testcase classname="com.sddevops.devopscrowdd.userTest" name="checkLogoutAdmin" time="0.075"/>
  <testcase classname="com.sddevops.devopscrowdd.userTest" name="checkRedirect" time="0.276"/>
</testsuite> <!-- Default test -->
