<?xml version="1.0" encoding="UTF-8"?>
<!-- Generated by org.testng.reporters.JUnitXMLReporter -->
<testsuite ignored="0" hostname="LAPTOP-SK2MSNJH" failures="0" tests="4" name="Default test" time="4.079" errors="0" timestamp="2022-02-21T21:58:57 GMT+08:00">
  <testcase classname="com.sddevops.devopscrowdd.OrderTest" name="checklogin" time="0.63"/>
  <testcase classname="com.sddevops.devopscrowdd.OrderTest" name="checkTitle" time="0.085"/>
  <testcase classname="com.sddevops.devopscrowdd.OrderTest" name="checkoutProduct" time="0.976"/>
  <testcase classname="com.sddevops.devopscrowdd.OrderTest" name="checkOrders" time="0.576"/>
</testsuite> <!-- Default test -->
