<?xml version="1.0" encoding="UTF-8"?>
<!-- Generated by org.testng.reporters.JUnitXMLReporter -->
<testsuite ignored="0" hostname="DESKTOP-N236C5Q" failures="0" tests="5" name="Default test" time="4.354" errors="0" timestamp="2022-02-26T12:26:12 SGT">
  <testcase classname="FeedbackTest" name="checkWeb" time="0.305"/>
  <testcase classname="FeedbackTest" name="checkCreateFeed" time="1.448"/>
  <testcase classname="FeedbackTest" name="checkDashboard" time="0.117"/>
  <testcase classname="FeedbackTest" name="checkEditFeed" time="0.654"/>
  <testcase classname="FeedbackTest" name="checkDeleteFeed" time="0.159"/>
</testsuite> <!-- Default test -->
