<?xml version="1.0" encoding="UTF-8"?>
<testng-results ignored="0" total="5" passed="5" failed="0" skipped="0">
  <reporter-output>
  </reporter-output>
  <suite started-at="2022-02-26T13:17:46 SGT" name="Suite" finished-at="2022-02-26T13:17:49 SGT" duration-ms="2864">
    <groups>
    </groups>
    <test started-at="2022-02-26T13:17:46 SGT" name="Test" finished-at="2022-02-26T13:17:49 SGT" duration-ms="2864">
      <class name="FeedbackTest">
        <test-method is-config="true" signature="beforeTest()[pri:0, instance:FeedbackTest@482bce4f]" started-at="2022-02-26T13:17:46 SGT" name="beforeTest" finished-at="2022-02-26T13:17:47 SGT" duration-ms="1279" status="PASS">
          <reporter-output>
          </reporter-output>
        </test-method> <!-- beforeTest -->
        <test-method signature="checkWeb()[pri:0, instance:FeedbackTest@482bce4f]" started-at="2022-02-26T13:17:47 SGT" name="checkWeb" finished-at="2022-02-26T13:17:48 SGT" duration-ms="187" status="PASS">
          <reporter-output>
          </reporter-output>
        </test-method> <!-- checkWeb -->
        <test-method signature="checkCreateFeed()[pri:1, instance:FeedbackTest@482bce4f]" started-at="2022-02-26T13:17:48 SGT" name="checkCreateFeed" finished-at="2022-02-26T13:17:48 SGT" duration-ms="404" status="PASS">
          <reporter-output>
          </reporter-output>
        </test-method> <!-- checkCreateFeed -->
        <test-method signature="checkDashboard()[pri:2, instance:FeedbackTest@482bce4f]" started-at="2022-02-26T13:17:48 SGT" name="checkDashboard" finished-at="2022-02-26T13:17:48 SGT" duration-ms="132" status="PASS">
          <reporter-output>
          </reporter-output>
        </test-method> <!-- checkDashboard -->
        <test-method signature="checkEditFeed()[pri:3, instance:FeedbackTest@482bce4f]" started-at="2022-02-26T13:17:48 SGT" name="checkEditFeed" finished-at="2022-02-26T13:17:49 SGT" duration-ms="552" status="PASS">
          <reporter-output>
          </reporter-output>
        </test-method> <!-- checkEditFeed -->
        <test-method signature="checkDeleteFeed()[pri:4, instance:FeedbackTest@482bce4f]" started-at="2022-02-26T13:17:49 SGT" name="checkDeleteFeed" finished-at="2022-02-26T13:17:49 SGT" duration-ms="144" status="PASS">
          <reporter-output>
          </reporter-output>
        </test-method> <!-- checkDeleteFeed -->
        <test-method is-config="true" signature="afterTest()[pri:0, instance:FeedbackTest@482bce4f]" started-at="2022-02-26T13:17:49 SGT" name="afterTest" finished-at="2022-02-26T13:17:49 SGT" duration-ms="119" status="PASS">
          <reporter-output>
          </reporter-output>
        </test-method> <!-- afterTest -->
      </class> <!-- FeedbackTest -->
    </test> <!-- Test -->
  </suite> <!-- Suite -->
</testng-results>
